Arguments: 
  C:\Program Files\nodejs\node.exe C:\Users\강해성\AppData\Local\node\corepack\yarn\1.22.19\bin\yarn.js cypress run --browser=chrome --spec cypress/e2e/workspace/api test.cy.js
  yarn cypress run --browser=chrome --spec  cypress/e2e/workspace/api test.cy.js

PATH: 
  C:\WINDOWS\system32;C:\WINDOWS;C:\WINDOWS\System32\Wbem;C:\WINDOWS\System32\WindowsPowerShell\v1.0\;C:\WINDOWS\System32\OpenSSH\;C:\Program Files\Bandizip\;C:\Program Files\nodejs\;C:\Program Files\Git\cmd;C:\Users\강해성\AppData\Local\Microsoft\WindowsApps;C:\Users\강해성\AppData\Roaming\npm;C:\Users\강해성\AppData\Local\Programs\Microsoft VS Code\bin

Yarn version: 
  1.22.19

Node version: 
  20.9.0

Platform: 
  win32 x64

Trace: 
  Error: Line breaks can't be quoted on Windows
      at quoteForCmd (C:\Users\강해성\AppData\Local\node\corepack\yarn\1.22.19\lib\cli.js:135256:11)
      at Formatter.quote (C:\Users\강해성\AppData\Local\node\corepack\yarn\1.22.19\lib\cli.js:135415:12)
      at [format] (C:\Users\강해성\AppData\Local\node\corepack\yarn\1.22.19\lib\cli.js:135466:28)
      at C:\Users\강해성\AppData\Local\node\corepack\yarn\1.22.19\lib\cli.js:135834:58
      at Array.map (<anonymous>)
      at [format] (C:\Users\강해성\AppData\Local\node\corepack\yarn\1.22.19\lib\cli.js:135834:26)
      at ShellString.toString (C:\Users\강해성\AppData\Local\node\corepack\yarn\1.22.19\lib\cli.js:135830:30)
      at sh (C:\Users\강해성\AppData\Local\node\corepack\yarn\1.22.19\lib\cli.js:135923:55)
      at C:\Users\강해성\AppData\Local\node\corepack\yarn\1.22.19\lib\cli.js:61585:52
      at Generator.next (<anonymous>)

npm manifest: 
  {
    "name": "my-cypress-project",
    "version": "1.0.0",
    "description": "",
    "main": "index.js",
    "scripts": {
      "test": "echo \"Error: no test specified\" && exit 1"
    },
    "keywords": [],
    "author": "",
    "license": "ISC",
    "devDependencies": {
      "@4tw/cypress-drag-drop": "^2.2.5",
      "cypress": "^13.4.0",
      "cypress-file-upload": "^5.0.8",
      "cypress-real-events": "^1.10.3"
    },
    "dependencies": {
      "nodemailer": "^6.9.7"
    }
  }

yarn manifest: 
  No manifest

Lockfile: 
  No lockfile
